Determining if the pthread_create exist failed with the following output:
Change Dir: D:/OS/PCModel/cmake-build-debug/CMakeFiles/CMakeTmp

Run Build Command(s):D:/MinGW64/mingw64/bin/mingw32-make.exe cmTC_a1c89/fast 
D:/MinGW64/mingw64/bin/mingw32-make.exe -f CMakeFiles\cmTC_a1c89.dir\build.make CMakeFiles/cmTC_a1c89.dir/build
mingw32-make.exe[1]: Entering directory 'D:/OS/PCModel/cmake-build-debug/CMakeFiles/CMakeTmp'
Building C object CMakeFiles/cmTC_a1c89.dir/CheckSymbolExists.c.obj
D:\MinGW64\mingw64\bin\gcc.exe    -o CMakeFiles\cmTC_a1c89.dir\CheckSymbolExists.c.obj   -c D:\OS\PCModel\cmake-build-debug\CMakeFiles\CMakeTmp\CheckSymbolExists.c
Linking C executable cmTC_a1c89.exe
"D:\JetBrains\CLion 2019.1.2\bin\cmake\win\bin\cmake.exe" -E cmake_link_script CMakeFiles\cmTC_a1c89.dir\link.txt --verbose=1
"D:\JetBrains\CLion 2019.1.2\bin\cmake\win\bin\cmake.exe" -E remove -f CMakeFiles\cmTC_a1c89.dir/objects.a
D:\MinGW64\mingw64\bin\ar.exe cr CMakeFiles\cmTC_a1c89.dir/objects.a @CMakeFiles\cmTC_a1c89.dir\objects1.rsp
D:\MinGW64\mingw64\bin\gcc.exe      -Wl,--whole-archive CMakeFiles\cmTC_a1c89.dir/objects.a -Wl,--no-whole-archive  -o cmTC_a1c89.exe -Wl,--out-implib,libcmTC_a1c89.dll.a -Wl,--major-image-version,0,--minor-image-version,0 @CMakeFiles\cmTC_a1c89.dir\linklibs.rsp
CMakeFiles\cmTC_a1c89.dir/objects.a(CheckSymbolExists.c.obj):CheckSymbolExists.c:(.rdata$.refptr.pthread_create[.refptr.pthread_create]+0x0): undefined reference to `pthread_create'
collect2.exe: error: ld returned 1 exit status
mingw32-make.exe[1]: *** [CMakeFiles\cmTC_a1c89.dir\build.make:88: cmTC_a1c89.exe] Error 1
mingw32-make.exe[1]: Leaving directory 'D:/OS/PCModel/cmake-build-debug/CMakeFiles/CMakeTmp'
mingw32-make.exe: *** [Makefile:120: cmTC_a1c89/fast] Error 2

File D:/OS/PCModel/cmake-build-debug/CMakeFiles/CMakeTmp/CheckSymbolExists.c:
/* */
#include <pthread.h>

int main(int argc, char** argv)
{
  (void)argv;
#ifndef pthread_create
  return ((int*)(&pthread_create))[argc];
#else
  (void)argc;
  return 0;
#endif
}

Determining if the function pthread_create exists in the pthreads failed with the following output:
Change Dir: D:/OS/PCModel/cmake-build-debug/CMakeFiles/CMakeTmp

Run Build Command(s):D:/MinGW64/mingw64/bin/mingw32-make.exe cmTC_24f9a/fast 
D:/MinGW64/mingw64/bin/mingw32-make.exe -f CMakeFiles\cmTC_24f9a.dir\build.make CMakeFiles/cmTC_24f9a.dir/build
mingw32-make.exe[1]: Entering directory 'D:/OS/PCModel/cmake-build-debug/CMakeFiles/CMakeTmp'
Building C object CMakeFiles/cmTC_24f9a.dir/CheckFunctionExists.c.obj
D:\MinGW64\mingw64\bin\gcc.exe   -DCHECK_FUNCTION_EXISTS=pthread_create   -o CMakeFiles\cmTC_24f9a.dir\CheckFunctionExists.c.obj   -c "D:\JetBrains\CLion 2019.1.2\bin\cmake\win\share\cmake-3.14\Modules\CheckFunctionExists.c"
Linking C executable cmTC_24f9a.exe
"D:\JetBrains\CLion 2019.1.2\bin\cmake\win\bin\cmake.exe" -E cmake_link_script CMakeFiles\cmTC_24f9a.dir\link.txt --verbose=1
"D:\JetBrains\CLion 2019.1.2\bin\cmake\win\bin\cmake.exe" -E remove -f CMakeFiles\cmTC_24f9a.dir/objects.a
D:\MinGW64\mingw64\bin\ar.exe cr CMakeFiles\cmTC_24f9a.dir/objects.a @CMakeFiles\cmTC_24f9a.dir\objects1.rsp
D:\MinGW64\mingw64\bin\gcc.exe  -DCHECK_FUNCTION_EXISTS=pthread_create    -Wl,--whole-archive CMakeFiles\cmTC_24f9a.dir/objects.a -Wl,--no-whole-archive  -o cmTC_24f9a.exe -Wl,--out-implib,libcmTC_24f9a.dll.a -Wl,--major-image-version,0,--minor-image-version,0 @CMakeFiles\cmTC_24f9a.dir\linklibs.rsp
D:/MinGW64/mingw64/bin/../lib/gcc/x86_64-w64-mingw32/8.1.0/../../../../x86_64-w64-mingw32/bin/ld.exe: cannot find -lpthreads
collect2.exe: error: ld returned 1 exit status
mingw32-make.exe[1]: *** [CMakeFiles\cmTC_24f9a.dir\build.make:88: cmTC_24f9a.exe] Error 1
mingw32-make.exe[1]: Leaving directory 'D:/OS/PCModel/cmake-build-debug/CMakeFiles/CMakeTmp'
mingw32-make.exe: *** [Makefile:120: cmTC_24f9a/fast] Error 2


